e:\code\tiny_renderer_vs\tiny_renderer_windows\x64\release\vc143.pdb
e:\code\tiny_renderer_vs\tiny_renderer_windows\x64\release\tgaimage.obj
e:\code\tiny_renderer_vs\tiny_renderer_windows\x64\release\our_gl.obj
e:\code\tiny_renderer_vs\tiny_renderer_windows\x64\release\model.obj
e:\code\tiny_renderer_vs\tiny_renderer_windows\x64\release\geometry.obj
e:\code\tiny_renderer_vs\tiny_renderer_windows\x64\release\tiny_renderer_windows.obj
e:\code\tiny_renderer_vs\tiny_renderer_windows\x64\release\draw.obj
e:\code\tiny_renderer_vs\x64\release\tiny_renderer_windows.exe
e:\code\tiny_renderer_vs\tiny_renderer_windows\x64\release\tiny_renderer_windows.ipdb
e:\code\tiny_renderer_vs\x64\release\tiny_renderer_windows.pdb
e:\code\tiny_renderer_vs\tiny_renderer_windows\x64\release\tiny_renderer_windows.iobj
e:\code\tiny_renderer_vs\tiny_renderer_windows\x64\release\tiny_renderer_windows.res
e:\code\tiny_renderer_vs\tiny_renderer_windows\x64\release\tiny_ren.08d3af5c.tlog\cl.command.1.tlog
e:\code\tiny_renderer_vs\tiny_renderer_windows\x64\release\tiny_ren.08d3af5c.tlog\cl.items.tlog
e:\code\tiny_renderer_vs\tiny_renderer_windows\x64\release\tiny_ren.08d3af5c.tlog\cl.read.1.tlog
e:\code\tiny_renderer_vs\tiny_renderer_windows\x64\release\tiny_ren.08d3af5c.tlog\cl.write.1.tlog
e:\code\tiny_renderer_vs\tiny_renderer_windows\x64\release\tiny_ren.08d3af5c.tlog\link.command.1.tlog
e:\code\tiny_renderer_vs\tiny_renderer_windows\x64\release\tiny_ren.08d3af5c.tlog\link.read.1.tlog
e:\code\tiny_renderer_vs\tiny_renderer_windows\x64\release\tiny_ren.08d3af5c.tlog\link.write.1.tlog
e:\code\tiny_renderer_vs\tiny_renderer_windows\x64\release\tiny_ren.08d3af5c.tlog\rc.command.1.tlog
e:\code\tiny_renderer_vs\tiny_renderer_windows\x64\release\tiny_ren.08d3af5c.tlog\rc.read.1.tlog
e:\code\tiny_renderer_vs\tiny_renderer_windows\x64\release\tiny_ren.08d3af5c.tlog\rc.write.1.tlog
