  geometry.cpp
  main.cpp
E:\code\tiny_renderer_vs\tiny_renderer_vs\our_gl.h(10,53): warning C4244: “参数”: 从“double”转换到“const int”，可能丢失数据
E:\code\tiny_renderer_vs\tiny_renderer_vs\our_gl.h(10,31): warning C4244: “参数”: 从“double”转换到“const int”，可能丢失数据
E:\code\tiny_renderer_vs\tiny_renderer_vs\main.cpp(65,48): warning C4244: “参数”: 从“double”转换到“const _Ty”，可能丢失数据
          with
          [
              _Ty=int
          ]
  model.cpp
E:\code\tiny_renderer_vs\tiny_renderer_vs\model.cpp(52,24): warning C4267: “return”: 从“size_t”转换到“int”，可能丢失数据
E:\code\tiny_renderer_vs\tiny_renderer_vs\model.cpp(56,30): warning C4267: “return”: 从“size_t”转换到“int”，可能丢失数据
E:\code\tiny_renderer_vs\tiny_renderer_vs\model.cpp(75,64): warning C4244: “参数”: 从“double”转换到“const int”，可能丢失数据
E:\code\tiny_renderer_vs\tiny_renderer_vs\model.cpp(75,38): warning C4244: “参数”: 从“double”转换到“const int”，可能丢失数据
  our_gl.cpp
E:\code\tiny_renderer_vs\tiny_renderer_vs\our_gl.h(10,53): warning C4244: “参数”: 从“double”转换到“const int”，可能丢失数据
E:\code\tiny_renderer_vs\tiny_renderer_vs\our_gl.h(10,31): warning C4244: “参数”: 从“double”转换到“const int”，可能丢失数据
  tgaimage.cpp
  正在生成代码...
  tiny_renderer_vs.vcxproj -> E:\code\tiny_renderer_vs\x64\Debug\tiny_renderer_vs.exe
